mktextfm Cantarell
mktextfm Cantarell
mktextfm Cantarell
mktextfm Cantarell
mktextfm Rusyn
mktextfm Rusyn
mktextfm Rusyn
mktextfm Rusyn
mktextfm Arial
mktextfm Arial
mktextfm Arial
mktextfm Arial
mktextfm Liberation
mktextfm Liberation
mktextfm Liberation
mktextfm Liberation
mktextfm Liberation_Serif
mktextfm Liberation_Serif
mktextfm Liberation_Serif
mktextfm Liberation_Serif
mktextfm Liberation-Serif
mktextfm Liberation-Serif
mktextfm Liberation-Serif
mktextfm Liberation-Serif
mktextfm Palatino
mktextfm Palatino
mktextfm Palatino
mktextfm Palatino
mktextfm Liberation
mktextfm Liberation
mktextfm Liberation
mktextfm Liberation
